Arguments: 
  C:\Program Files\nodejs\node.exe C:\Users\wwdar\.node\corepack\yarn\1.22.15\bin\yarn.js add webpack webpack-di webpack-dev-server --save-dev

PATH: 
  C:\Users\wwdar\bin;C:\Program Files\Git\mingw64\bin;C:\Program Files\Git\usr\local\bin;C:\Program Files\Git\usr\bin;C:\Program Files\Git\usr\bin;C:\Program Files\Git\mingw64\bin;C:\Program Files\Git\usr\bin;C:\Users\wwdar\bin;C:\Program Files (x86)\Common Files\Intel\Shared Libraries\redist\intel64\compiler;C:\Windows\system32;C:\Windows;C:\Windows\System32\Wbem;C:\Windows\System32\WindowsPowerShell\v1.0;C:\Windows\System32\OpenSSH;C:\Program Files\Microsoft SQL Server\130\Tools\Binn;C:\Program Files\Microsoft SQL Server\Client SDK\ODBC\170\Tools\Binn;C:\Program Files\dotnet;C:\Program Files\Git\cmd;C:\Program Files\nodejs;C:\Program Files\MySQL\MySQL Shell 8.0\bin;C:\Users\wwdar\AppData\Local\Microsoft\WindowsApps;C:\Users\wwdar\AppData\Local\Programs\Microsoft VS Code\bin;C:\Users\wwdar\.dotnet\tools;C:\Users\wwdar\AppData\Local\GitHubDesktop\bin;C:\Users\wwdar\AppData\Roaming\npm;C:\Program Files\Git\usr\bin\vendor_perl;C:\Program Files\Git\usr\bin\core_perl

Yarn version: 
  1.22.15

Node version: 
  16.13.0

Platform: 
  win32 x64

Trace: 
  Error: https://registry.yarnpkg.com/webpack-di: Not found
      at Request.params.callback [as _callback] (C:\Users\wwdar\.node\corepack\yarn\1.22.15\lib\cli.js:66140:18)
      at Request.self.callback (C:\Users\wwdar\.node\corepack\yarn\1.22.15\lib\cli.js:140885:22)
      at Request.emit (node:events:390:28)
      at Request.<anonymous> (C:\Users\wwdar\.node\corepack\yarn\1.22.15\lib\cli.js:141857:10)
      at Request.emit (node:events:390:28)
      at IncomingMessage.<anonymous> (C:\Users\wwdar\.node\corepack\yarn\1.22.15\lib\cli.js:141779:12)
      at Object.onceWrapper (node:events:509:28)
      at IncomingMessage.emit (node:events:402:35)
      at endReadableNT (node:internal/streams/readable:1343:12)
      at processTicksAndRejections (node:internal/process/task_queues:83:21)

npm manifest: 
  {
    "name": "3glo",
    "version": "1.0.0",
    "description": "",
    "main": "index.js",
    "scripts": {
      "build": "webpack --mode=production",
      "watch": "webpack --watch --mode=development",
      "start": "webpack serve --mode=development --open"
    },
    "repository": "git+https://github.com/darfilp/3GLO.git",
    "keywords": [],
    "author": "Daria <wwdarcool@yandex.ru>",
    "license": "ISC",
    "bugs": {
      "url": "https://github.com/darfilp/3GLO/issues"
    },
    "homepage": "https://github.com/darfilp/3GLO#readme",
    "devDependencies": {
      "webpack": "^5.70.0",
      "webpack-cli": "^4.9.2",
      "webpack-dev-server": "^4.7.4"
    }
  }

yarn manifest: 
  No manifest

Lockfile: 
  No lockfile
